<?xml version="1.0" encoding="UTF-8"?>
<testng-results ignored="0" total="1" passed="1" failed="0" skipped="0">
  <reporter-output>
  </reporter-output>
  <suite started-at="2022-12-07T16:53:27Z" name="Default suite" finished-at="2022-12-07T16:54:00Z" duration-ms="33605">
    <groups>
      <group name="cucumber">
        <method signature="AbstractTestNGCucumberTests.runScenario(io.cucumber.testng.PickleWrapper, io.cucumber.testng.FeatureWrapper)[pri:0, instance:stepScenarios.MyTestRunnerNG@4dc27487]" name="runScenario" class="io.cucumber.testng.AbstractTestNGCucumberTests"/>
      </group> <!-- cucumber -->
    </groups>
    <test started-at="2022-12-07T16:53:27Z" name="Default test" finished-at="2022-12-07T16:54:00Z" duration-ms="33605">
      <class name="stepScenarios.MyTestRunnerNG">
        <test-method is-config="true" signature="setUpClass()[pri:0, instance:stepScenarios.MyTestRunnerNG@4dc27487]" started-at="2022-12-07T16:53:27Z" name="setUpClass" finished-at="2022-12-07T16:53:28Z" duration-ms="786" status="PASS">
          <reporter-output>
          </reporter-output>
        </test-method> <!-- setUpClass -->
        <test-method signature="runScenario(io.cucumber.testng.PickleWrapper, io.cucumber.testng.FeatureWrapper)[pri:0, instance:stepScenarios.MyTestRunnerNG@4dc27487]" started-at="2022-12-07T16:53:28Z" name="runScenario" description="Runs Cucumber Scenarios" data-provider="scenarios" finished-at="2022-12-07T16:53:56Z" duration-ms="28827" status="PASS">
          <params>
            <param index="0">
              <value>
                <![CDATA["Print a file in General Files"]]>
              </value>
            </param>
            <param index="1">
              <value>
                <![CDATA["Optional[Print]"]]>
              </value>
            </param>
          </params>
          <reporter-output>
          </reporter-output>
        </test-method> <!-- runScenario -->
        <test-method is-config="true" signature="tearDownClass()[pri:0, instance:stepScenarios.MyTestRunnerNG@4dc27487]" started-at="2022-12-07T16:53:56Z" name="tearDownClass" finished-at="2022-12-07T16:54:00Z" duration-ms="3969" status="PASS">
          <reporter-output>
          </reporter-output>
        </test-method> <!-- tearDownClass -->
      </class> <!-- stepScenarios.MyTestRunnerNG -->
    </test> <!-- Default test -->
  </suite> <!-- Default suite -->
</testng-results>
